[ERROR] 19-03-2026 15:11:19 [main] LogUtils - Cannot invoke "Object.hashCode()" because "key" is null
[INFO] 19-03-2026 15:23:09 [main] LogUtils - Open URL:  https://crm.anhtester.com/admin/authentication
[INFO] 19-03-2026 15:23:10 [main] LogUtils - Set text admin@example.com on element By.xpath: //input[@id='email']
[INFO] 19-03-2026 15:23:10 [main] LogUtils - Set text 123456 on element By.xpath: //input[@id='password']
[INFO] 19-03-2026 15:23:14 [main] LogUtils - Click on element By.xpath: //button[normalize-space()='Login']
[INFO] 19-03-2026 15:23:14 [main] LogUtils - Tìm thấy phần tử ở lần thử thứ 1
[INFO] 19-03-2026 15:23:19 [main] LogUtils - Open URL:  https://crm.anhtester.com/admin/authentication
[INFO] 19-03-2026 15:23:20 [main] LogUtils - Set text admin123@example.com on element By.xpath: //input[@id='email']
[INFO] 19-03-2026 15:23:21 [main] LogUtils - Set text 123456 on element By.xpath: //input[@id='password']
[INFO] 19-03-2026 15:23:22 [main] LogUtils - Click on element By.xpath: //button[normalize-space()='Login']
[INFO] 19-03-2026 15:23:22 [main] LogUtils - Tìm thấy phần tử ở lần thử thứ 1
[INFO] 19-03-2026 15:23:25 [main] LogUtils - Open URL:  https://crm.anhtester.com/admin/authentication
[INFO] 19-03-2026 15:23:26 [main] LogUtils - Set text admin@example.com on element By.xpath: //input[@id='email']
[INFO] 19-03-2026 15:23:27 [main] LogUtils - Set text 123 on element By.xpath: //input[@id='password']
[INFO] 19-03-2026 15:23:28 [main] LogUtils - Click on element By.xpath: //button[normalize-space()='Login']
[INFO] 19-03-2026 15:23:28 [main] LogUtils - Tìm thấy phần tử ở lần thử thứ 1
[INFO] 19-03-2026 15:23:32 [main] LogUtils - Open URL:  https://crm.anhtester.com/admin/authentication
[INFO] 19-03-2026 15:23:32 [main] LogUtils - Set text  on element By.xpath: //input[@id='email']
[INFO] 19-03-2026 15:23:33 [main] LogUtils - Set text 123456 on element By.xpath: //input[@id='password']
[INFO] 19-03-2026 15:23:34 [main] LogUtils - Click on element By.xpath: //button[normalize-space()='Login']
[INFO] 19-03-2026 15:23:34 [main] LogUtils - checkElementExist: true --- By.xpath: //div[contains(text(),'The Email Address field is required.')]
[INFO] 19-03-2026 15:35:45 [main] LogUtils - Open URL:  https://crm.anhtester.com/admin/authentication
[INFO] 19-03-2026 15:35:46 [main] LogUtils - Set text admin@example.com on element By.xpath: //input[@id='email']
[INFO] 19-03-2026 15:35:47 [main] LogUtils - Set text 123456 on element By.xpath: //input[@id='password']
[INFO] 19-03-2026 15:35:50 [main] LogUtils - Click on element By.xpath: //button[normalize-space()='Login']
[INFO] 19-03-2026 15:35:51 [main] LogUtils - Tìm thấy phần tử ở lần thử thứ 1
[INFO] 19-03-2026 15:35:56 [main] LogUtils - Open URL:  https://crm.anhtester.com/admin/authentication
[INFO] 19-03-2026 15:35:57 [main] LogUtils - Set text admin123@example.com on element By.xpath: //input[@id='email']
[INFO] 19-03-2026 15:35:58 [main] LogUtils - Set text 123456 on element By.xpath: //input[@id='password']
[INFO] 19-03-2026 15:35:59 [main] LogUtils - Click on element By.xpath: //button[normalize-space()='Login']
[INFO] 19-03-2026 15:35:59 [main] LogUtils - Tìm thấy phần tử ở lần thử thứ 1
[INFO] 19-03-2026 15:36:02 [main] LogUtils - Open URL:  https://crm.anhtester.com/admin/authentication
[INFO] 19-03-2026 15:36:03 [main] LogUtils - Set text admin@example.com on element By.xpath: //input[@id='email']
[INFO] 19-03-2026 15:36:04 [main] LogUtils - Set text 123 on element By.xpath: //input[@id='password']
[INFO] 19-03-2026 15:36:05 [main] LogUtils - Click on element By.xpath: //button[normalize-space()='Login']
[INFO] 19-03-2026 15:36:05 [main] LogUtils - Tìm thấy phần tử ở lần thử thứ 1
[INFO] 19-03-2026 15:36:09 [main] LogUtils - Open URL:  https://crm.anhtester.com/admin/authentication
[INFO] 19-03-2026 15:36:11 [main] LogUtils - Set text  on element By.xpath: //input[@id='email']
[INFO] 19-03-2026 15:36:11 [main] LogUtils - Set text 123456 on element By.xpath: //input[@id='password']
[INFO] 19-03-2026 15:36:12 [main] LogUtils - Click on element By.xpath: //button[normalize-space()='Login']
[INFO] 19-03-2026 15:36:13 [main] LogUtils - checkElementExist: true --- By.xpath: //div[contains(text(),'The Email Address field is required.')]
[INFO] 19-03-2026 15:44:23 [main] LogUtils - Open URL:  https://crm.anhtester.com/admin/authentication
[INFO] 19-03-2026 15:44:24 [main] LogUtils - Set text admin@example.com on element By.xpath: //input[@id='email']
[INFO] 19-03-2026 15:44:25 [main] LogUtils - Set text 123456 on element By.xpath: //input[@id='password']
[INFO] 19-03-2026 15:44:30 [main] LogUtils - Click on element By.xpath: //button[normalize-space()='Login']
[INFO] 19-03-2026 15:44:30 [main] LogUtils - Tìm thấy phần tử ở lần thử thứ 1
[INFO] 19-03-2026 15:44:35 [main] LogUtils - Open URL:  https://crm.anhtester.com/admin/authentication
[INFO] 19-03-2026 15:44:36 [main] LogUtils - Set text admin123@example.com on element By.xpath: //input[@id='email']
[INFO] 19-03-2026 15:44:37 [main] LogUtils - Set text 123456 on element By.xpath: //input[@id='password']
[INFO] 19-03-2026 15:44:38 [main] LogUtils - Click on element By.xpath: //button[normalize-space()='Login']
[INFO] 19-03-2026 15:44:38 [main] LogUtils - Tìm thấy phần tử ở lần thử thứ 1
[ERROR] 19-03-2026 15:44:38 [main] LogUtils - Login Failure With Email Or Password Invalid
[INFO] 19-03-2026 15:44:41 [main] LogUtils - Open URL:  https://crm.anhtester.com/admin/authentication
[INFO] 19-03-2026 15:44:42 [main] LogUtils - Set text admin@example.com on element By.xpath: //input[@id='email']
[INFO] 19-03-2026 15:44:43 [main] LogUtils - Set text 123 on element By.xpath: //input[@id='password']
[INFO] 19-03-2026 15:44:44 [main] LogUtils - Click on element By.xpath: //button[normalize-space()='Login']
[INFO] 19-03-2026 15:44:44 [main] LogUtils - Tìm thấy phần tử ở lần thử thứ 1
[INFO] 19-03-2026 15:44:48 [main] LogUtils - Open URL:  https://crm.anhtester.com/admin/authentication
[INFO] 19-03-2026 15:44:48 [main] LogUtils - Set text  on element By.xpath: //input[@id='email']
[INFO] 19-03-2026 15:44:49 [main] LogUtils - Set text 123456 on element By.xpath: //input[@id='password']
[INFO] 19-03-2026 15:44:50 [main] LogUtils - Click on element By.xpath: //button[normalize-space()='Login']
[INFO] 19-03-2026 15:44:50 [main] LogUtils - checkElementExist: true --- By.xpath: //div[contains(text(),'The Email Address field is required.')]
[INFO] 19-03-2026 15:48:30 [main] LogUtils - Setup môi trường onStart: Thu Mar 19 15:48:27 GMT+07:00 2026
[INFO] 19-03-2026 15:48:35 [main] LogUtils - Bắt đầu chạy test case: testLoginSuccess
[INFO] 19-03-2026 15:48:37 [main] LogUtils - Open URL:  https://crm.anhtester.com/admin/authentication
[INFO] 19-03-2026 15:48:39 [main] LogUtils - Set text admin@example.com on element By.xpath: //input[@id='email']
[INFO] 19-03-2026 15:48:40 [main] LogUtils - Set text 123456 on element By.xpath: //input[@id='password']
[INFO] 19-03-2026 15:48:44 [main] LogUtils - Click on element By.xpath: //button[normalize-space()='Login']
[INFO] 19-03-2026 15:48:45 [main] LogUtils - Tìm thấy phần tử ở lần thử thứ 1
[INFO] 19-03-2026 15:48:45 [main] LogUtils - Test case testLoginSuccess is passed.
[INFO] 19-03-2026 15:48:45 [main] LogUtils - ==> Status: 1
[INFO] 19-03-2026 15:48:55 [main] LogUtils - Bắt đầu chạy test case: testLoginFailureWithEmailInvalid
[INFO] 19-03-2026 15:48:56 [main] LogUtils - Open URL:  https://crm.anhtester.com/admin/authentication
[INFO] 19-03-2026 15:48:57 [main] LogUtils - Set text admin123@example.com on element By.xpath: //input[@id='email']
[INFO] 19-03-2026 15:48:58 [main] LogUtils - Set text 123456 on element By.xpath: //input[@id='password']
[INFO] 19-03-2026 15:48:59 [main] LogUtils - Click on element By.xpath: //button[normalize-space()='Login']
[INFO] 19-03-2026 15:49:00 [main] LogUtils - Tìm thấy phần tử ở lần thử thứ 1
[INFO] 19-03-2026 15:49:00 [main] LogUtils - Test case testLoginFailureWithEmailInvalid is passed.
[INFO] 19-03-2026 15:49:00 [main] LogUtils - ==> Status: 1
[INFO] 19-03-2026 15:49:08 [main] LogUtils - Bắt đầu chạy test case: testLoginFailureWithPasswordInvalid
[INFO] 19-03-2026 15:49:08 [main] LogUtils - Open URL:  https://crm.anhtester.com/admin/authentication
[INFO] 19-03-2026 15:49:10 [main] LogUtils - Set text admin@example.com on element By.xpath: //input[@id='email']
[INFO] 19-03-2026 15:49:10 [main] LogUtils - Set text 123 on element By.xpath: //input[@id='password']
[INFO] 19-03-2026 15:49:12 [main] LogUtils - Click on element By.xpath: //button[normalize-space()='Login']
[INFO] 19-03-2026 15:49:12 [main] LogUtils - Tìm thấy phần tử ở lần thử thứ 1
[INFO] 19-03-2026 15:49:12 [main] LogUtils - Test case testLoginFailureWithPasswordInvalid is passed.
[INFO] 19-03-2026 15:49:12 [main] LogUtils - ==> Status: 1
[INFO] 19-03-2026 15:49:17 [main] LogUtils - Bắt đầu chạy test case: testLoginFailureWithEmailNull
[INFO] 19-03-2026 15:49:19 [main] LogUtils - Open URL:  https://crm.anhtester.com/admin/authentication
[INFO] 19-03-2026 15:49:20 [main] LogUtils - Set text  on element By.xpath: //input[@id='email']
[INFO] 19-03-2026 15:49:21 [main] LogUtils - Set text 123456 on element By.xpath: //input[@id='password']
[INFO] 19-03-2026 15:49:22 [main] LogUtils - Click on element By.xpath: //button[normalize-space()='Login']
[INFO] 19-03-2026 15:49:22 [main] LogUtils - checkElementExist: true --- By.xpath: //div[contains(text(),'The Email Address field is required.')]
[INFO] 19-03-2026 15:49:22 [main] LogUtils - Test case testLoginFailureWithEmailNull is passed.
[INFO] 19-03-2026 15:49:22 [main] LogUtils - ==> Status: 1
[INFO] 19-03-2026 15:49:26 [main] LogUtils - Bắt đầu chạy test case: testLoginFailureWithPasswordNull
[INFO] 19-03-2026 15:49:26 [main] LogUtils - Test case testLoginFailureWithPasswordNull is skipped.
[INFO] 19-03-2026 15:49:26 [main] LogUtils - ==> Status: 3
[INFO] 19-03-2026 15:49:27 [main] LogUtils - Kết thúc bộ test: Thu Mar 19 15:49:27 GMT+07:00 2026
[INFO] 24-03-2026 15:54:43 [main] LogUtils - Setup môi trường onStart: Tue Mar 24 15:54:38 GMT+07:00 2026
[INFO] 24-03-2026 15:55:55 [TestNG-test-Allure Report-2] LogUtils - Bắt đầu chạy test case: testLoginFailureWithEmailInvalid
[INFO] 24-03-2026 15:55:55 [TestNG-test-Allure Report-4] LogUtils - Bắt đầu chạy test case: testLoginFailureWithEmailNull
[INFO] 24-03-2026 15:55:55 [TestNG-test-Allure Report-3] LogUtils - Bắt đầu chạy test case: testLoginFailureWithPasswordInvalid
[INFO] 24-03-2026 15:55:55 [TestNG-test-Allure Report-1] LogUtils - Bắt đầu chạy test case: testLoginSuccess
[INFO] 24-03-2026 15:55:55 [TestNG-test-Allure Report-5] LogUtils - Bắt đầu chạy test case: testLoginFailureWithPasswordNull
[INFO] 24-03-2026 15:55:58 [TestNG-test-Allure Report-4] LogUtils - Open URL:  https://crm.anhtester.com/admin/authentication
[INFO] 24-03-2026 15:56:01 [TestNG-test-Allure Report-5] LogUtils - Test case testLoginFailureWithPasswordNull is skipped.
[INFO] 24-03-2026 15:56:01 [TestNG-test-Allure Report-5] LogUtils - ==> Status: 3
[INFO] 24-03-2026 15:56:01 [TestNG-test-Allure Report-2] LogUtils - Open URL:  https://crm.anhtester.com/admin/authentication
[INFO] 24-03-2026 15:56:03 [TestNG-test-Allure Report-1] LogUtils - Open URL:  https://crm.anhtester.com/admin/authentication
[INFO] 24-03-2026 15:56:06 [TestNG-test-Allure Report-3] LogUtils - Open URL:  https://crm.anhtester.com/admin/authentication
[INFO] 24-03-2026 15:56:26 [TestNG-test-Allure Report-4] LogUtils - Set text  on element By.xpath: //input[@id='email']
[INFO] 24-03-2026 15:56:26 [TestNG-test-Allure Report-1] LogUtils - Set text admin@example.com on element By.xpath: //input[@id='email']
[INFO] 24-03-2026 15:56:26 [TestNG-test-Allure Report-2] LogUtils - Set text admin123@example.com on element By.xpath: //input[@id='email']
[INFO] 24-03-2026 15:56:29 [TestNG-test-Allure Report-3] LogUtils - Set text admin@example.com on element By.xpath: //input[@id='email']
[INFO] 24-03-2026 15:56:46 [TestNG-test-Allure Report-1] LogUtils - Set text 123456 on element By.xpath: //input[@id='password']
[INFO] 24-03-2026 15:56:46 [TestNG-test-Allure Report-2] LogUtils - Set text 123456 on element By.xpath: //input[@id='password']
[INFO] 24-03-2026 15:56:46 [TestNG-test-Allure Report-4] LogUtils - Set text 123456 on element By.xpath: //input[@id='password']
[INFO] 24-03-2026 15:56:47 [TestNG-test-Allure Report-3] LogUtils - Set text 123 on element By.xpath: //input[@id='password']
[INFO] 24-03-2026 15:57:08 [TestNG-test-Allure Report-4] LogUtils - Click on element By.xpath: //button[normalize-space()='Login']
[INFO] 24-03-2026 15:57:10 [TestNG-test-Allure Report-3] LogUtils - Click on element By.xpath: //button[normalize-space()='Login']
[INFO] 24-03-2026 15:57:10 [TestNG-test-Allure Report-2] LogUtils - Click on element By.xpath: //button[normalize-space()='Login']
[INFO] 24-03-2026 15:57:12 [TestNG-test-Allure Report-4] LogUtils - checkElementExist: true --- By.xpath: //div[contains(text(),'The Email Address field is required.')]
[INFO] 24-03-2026 15:57:13 [TestNG-test-Allure Report-4] LogUtils - Test case testLoginFailureWithEmailNull is passed.
[INFO] 24-03-2026 15:57:13 [TestNG-test-Allure Report-4] LogUtils - ==> Status: 1
[INFO] 24-03-2026 15:57:15 [TestNG-test-Allure Report-1] LogUtils - Click on element By.xpath: //button[normalize-space()='Login']
[INFO] 24-03-2026 15:57:18 [TestNG-test-Allure Report-2] LogUtils - Tìm thấy phần tử ở lần thử thứ 1
[INFO] 24-03-2026 15:57:18 [TestNG-test-Allure Report-2] LogUtils - Test case testLoginFailureWithEmailInvalid is passed.
[INFO] 24-03-2026 15:57:18 [TestNG-test-Allure Report-2] LogUtils - ==> Status: 1
[INFO] 24-03-2026 15:57:18 [TestNG-test-Allure Report-3] LogUtils - Tìm thấy phần tử ở lần thử thứ 1
[INFO] 24-03-2026 15:57:18 [TestNG-test-Allure Report-3] LogUtils - Test case testLoginFailureWithPasswordInvalid is passed.
[INFO] 24-03-2026 15:57:18 [TestNG-test-Allure Report-3] LogUtils - ==> Status: 1
[INFO] 24-03-2026 15:57:20 [TestNG-test-Allure Report-1] LogUtils - Tìm thấy phần tử ở lần thử thứ 1
[INFO] 24-03-2026 15:57:20 [TestNG-test-Allure Report-1] LogUtils - Test case testLoginSuccess is passed.
[INFO] 24-03-2026 15:57:20 [TestNG-test-Allure Report-1] LogUtils - ==> Status: 1
[INFO] 24-03-2026 15:58:03 [main] LogUtils - Kết thúc bộ test: Tue Mar 24 15:58:03 GMT+07:00 2026
